{ Using PSTWRITER 17.2.0 d001Jul-29-2019 at 12:10:12 }

#1 WARNING(ORCAP-36006): Part Name "CAPACITOR NON-POL_SML2015_47NF_SML2015" is renamed to "CAPACITOR NON-POL_SML2015_47NF_".
#2 WARNING(ORCAP-36006): Part Name "CAPACITOR NON-POL_SML2015_22NF_SML2015" is renamed to "CAPACITOR NON-POL_SML2015_22NF_".
#3 WARNING(ORCAP-36006): Part Name "CAPACITOR NON-POL_CPCYL1D225LS100031_100NF_SML2015" is renamed to "CAPACITOR NON-POL_CPCYL1D225LS1".
#4 WARNING(ORCAP-36006): Part Name "CAPACITOR NON-POL_SML2015_27PF_SML2015" is renamed to "CAPACITOR NON-POL_SML2015_27PF_".
#5 WARNING(ORCAP-36006): Part Name "CAPACITOR NON-POL_SML2015_47NF_SMDCAP" is renamed to "CAPACITOR NON-POL_SML2015_47N_1".
#6 WARNING(ORCAP-36006): Part Name "CAPACITOR NON-POL_CPCYL1D225LS100031_100NF_SMDCAP" is renamed to "CAPACITOR NON-POL_CPCYL1D225L_1".
#7 WARNING(ORCAP-36006): Part Name "CAPACITOR POL_CPCYL1D225LS100031_1UF_SMDCAP" is renamed to "CAPACITOR POL_CPCYL1D225LS10003".
#8 WARNING(ORCAP-36006): Part Name "ATMEGA8-DIL28_1_QUAD80M32WG900_ATMEGA8_" is renamed to "ATMEGA8-DIL28_1_QUAD80M32WG900_".
#9 WARNING(ORCAP-36006): Part Name "CON5_BLKCON100VHTM1SQSW1005_BBPG_BITBANG_" is renamed to "CON5_BLKCON100VHTM1SQSW1005_BBP".
#10 WARNING(ORCAP-36006): Part Name "CON5_BLKCON100VHTM1SQSW1005_AVRUSB500_OUT_" is renamed to "CON5_BLKCON100VHTM1SQSW1005_AVR".
#11 WARNING(ORCAP-36006): Part Name "CON5_BLKCON100VHTM1SQSW1005_FIRMWARE_IN_" is renamed to "CON5_BLKCON100VHTM1SQSW1005_FIR".
#12 WARNING(ORCAP-36006): Part Name "FT232BM_2_QUAD80M32WG900_FT232BM_" is renamed to "FT232BM_2_QUAD80M32WG900_FT232B".
#13 WARNING(ORCAP-36006): Part Name "ZTA_RAD450X200LS300031_3.6864MHZ_" is renamed to "ZTA_RAD450X200LS300031_3.6864MH".
INFO(ORCAP-36080): Scanning netlist files ...

Loading... C:\USERS\USER\DESKTOP\WORKSPACE\AVRUSB500\allegro/pstchip.dat

Loading... C:\USERS\USER\DESKTOP\WORKSPACE\AVRUSB500\allegro/pstchip.dat

Loading... C:\USERS\USER\DESKTOP\WORKSPACE\AVRUSB500\allegro/pstxprt.dat

Loading... C:\USERS\USER\DESKTOP\WORKSPACE\AVRUSB500\allegro/pstxnet.dat
packaging the design view...