(---------------------------------------------------------------------)
(                                                                     )
(    QUICKPLACE LOG                                                   )
(                                                                     )
(    Drawing          : AVRUSB500.brd                                 )
(    Software Version : 16.6S034                                      )
(    Date/Time        : Thu Jul 18 15:23:04 2019                      )
(                                                                     )
(---------------------------------------------------------------------)


State: Placing on layer TOP

         Placed symbol:  IC1 / ATMEGA8-DIL28_1_QUAD80M32WG900_ / QUAD80M32WG900 at (264.5412 178.5532)
         Placed symbol:  U1 / FT232BM_2_QUAD80M32WG900_FT232B / QUAD80M32WG900 at (275.7804 178.5532)
         Placed symbol:  J4 / CON5_BLKCON100VHTM1SQSW1005_FIR / BLKCON100VHTM1SQSW1005 at (285.8006 178.6552)
         Placed symbol:  J2 / CON4_7_MICRO_USB_USBA_ / MICRO_USB at (304.7628 179.1832)
         Placed symbol:  J1 / CON5_BLKCON100VHTM1SQSW1005_BBP / BLKCON100VHTM1SQSW1005 at (313.6650 178.6552)
         Placed symbol:  J3 / CON5_BLKCON100VHTM1SQSW1005_AVR / BLKCON100VHTM1SQSW1005 at (327.0262 178.6552)
         Placed symbol:  C5 / CAPACITOR NON-POL_CPCYL1D225L_3 / CPCYL1D225LS100031 at (340.5774 180.2422)
         Placed symbol:  C10 / CAPACITOR NON-POL_CPCYL1D225L_1 / CPCYL1D225LS100031 at (346.6986 180.2422)
         Placed symbol:  C7 / CAPACITOR NON-POL_CPCYL1D225L_3 / CPCYL1D225LS100031 at (352.8198 180.2422)
         Placed symbol:  C4 / CAPACITOR NON-POL_CPCYL1D225LS1 / CPCYL1D225LS100031 at (358.9410 180.2422)
         Placed symbol:  D1 / LED_CYLD250LS125031_LED_ / CYLD250LS125031 at (365.0622 180.5602)
         Placed symbol:  C8 / CAPACITOR NON-POL_CPCYL1D225L_3 / CPCYL1D225LS100031 at (263.5122 191.4814)
         Placed symbol:  C3 / CAPACITOR NON-POL_CPCYL1D225L_2 / CPCYL1D225LS100031 at (269.6334 191.4814)
         Placed symbol:  C6 / CAPACITOR POL_CPCYL1D225LS10003 / CPCYL1D225LS100031 at (275.7546 191.4814)
         Placed symbol:  C2 / CAPACITOR NON-POL_CPCYL1D225L_2 / CPCYL1D225LS100031 at (281.8758 191.4814)
         Placed symbol:  C9 / CAPACITOR NON-POL_CPCYL1D225L_3 / CPCYL1D225LS100031 at (287.9970 191.4814)
         Placed symbol:  R1 / R_AX400X100031_470_SMDRES / AX400X100031 at (293.4702 189.8944)
         Placed symbol:  C1 / CAPACITOR NON-POL_CPCYL1D225LS1 / CPCYL1D225LS100031 at (306.5634 191.4814)
         Placed symbol:  R11 / R_AX400X100031_1K_SMDRES / AX400X100031 at (312.0366 189.8944)
         Placed symbol:  R13 / R_AX400X100031_1K_SMDRES / AX400X100031 at (324.4818 189.8944)
         Placed symbol:  R12 / R_AX400X100031_220_SMDRES / AX400X100031 at (336.9270 189.8944)
         Placed symbol:  R14 / R_AX400X100031_220_SMDRES / AX400X100031 at (349.3722 189.8944)
         Placed symbol:  R15 / R_AX400X100031_220_SMDRES / AX400X100031 at (262.8642 196.0156)
         Placed symbol:  R2 / R_AX400X100031_220_SMDRES / AX400X100031 at (275.3094 196.0156)
         Placed symbol:  R3 / R_AX400X100031_220_SMDRES / AX400X100031 at (287.7546 196.0156)
         Placed symbol:  R4 / R_AX400X100031_220_SMDRES / AX400X100031 at (300.1998 196.0156)
         Placed symbol:  R5 / R_AX400X100031_27_SMDRES / AX400X100031 at (312.6450 196.0156)
         Placed symbol:  R6 / R_AX400X100031_27_SMDRES / AX400X100031 at (325.0902 196.0156)
         Placed symbol:  R7 / R_AX400X100031_1.5K_SMDRES / AX400X100031 at (337.5354 196.0156)
         Placed symbol:  R8 / R_AX400X100031_2.2_SMDRES / AX400X100031 at (349.9806 196.0156)
         Placed symbol:  R9 / R_AX400X100031_10K_SMDRES / AX400X100031 at (262.8642 198.9628)
         Placed symbol:  R10 / R_AX400X100031_470_SMDRES / AX400X100031 at (275.3094 198.9628)
         Placed symbol:  Y1 / ZTA_RAD450X200LS300031_3.6864MH / RAD450X200LS300031 at (288.7206 200.2328)
         Placed symbol:  Y2 / ZTA_RAD450X200LS300031_6MHZ_ / RAD450X200LS300031 at (300.5578 200.2328)


Placed 34 of 34 applicable (34 total) symbols.

-----------------------------------------------------------------------

